dict_keys(['u_xyz', 't', 'c_hist'])
dict_keys(['u_xyz', 't', 'c_hist', 'u_enu'])
k-means analysis
density based clustering
Detected 3 plumes with 212 noise points
k-means analysis
density based clustering
Detected 2 plumes with 230 noise points
2
[[-116.10567738  -26.56844334  496.71875   ]
 [-116.10567738  -26.56844334  722.5       ]
 [-116.10567738  -26.56844334  812.8125    ]
 [-116.10567738  -26.56844334  857.96875   ]
 [-116.10567738  -26.56844334  903.125     ]
 [-116.10567738  -26.56844334  948.28125   ]
 [-116.10567738  -26.56844334  993.4375    ]
 [-116.10567738  -26.56844334 1038.59375   ]
 [-116.10567738  -26.56844334 1083.75      ]
 [-116.10567738  -26.56844334 1128.90625   ]
 [-116.10567738  -26.56844334 1174.0625    ]
 [-116.10567738  -26.56844334 1219.21875   ]
 [-116.10567738  -26.56844334 1264.375     ]
 [-116.10567738  -26.56844334 1309.53125   ]
 [-116.10567738  -26.56844334 1354.6875    ]
 [-116.10567738  -26.56844334 1399.84375   ]
 [-116.10567738  -26.56844334 1445.        ]
 [-116.10567738  -26.56844334 1490.15625   ]
 [-116.10567738  -26.56844334 1535.3125    ]
 [-116.10567738  -26.56844334 1580.46875   ]
 [-116.10567738  -26.56844334 1625.625     ]
 [-116.10567738  -26.56844334 1670.78125   ]
 [-116.10567738  -26.56844334 1715.9375    ]
 [-116.10567738  -26.56844334 1761.09375   ]
 [-116.10567738  -26.56844334 1806.25      ]
 [-116.10567738  -26.56844334 1851.40625   ]
 [-116.10567738  -26.56844334 1896.5625    ]
 [-116.10567738  -26.56844334 1941.71875   ]
 [-116.10567738  -26.56844334 1986.875     ]]
